<?xml version="1.0" encoding="UTF-8"?>
<!-- Generated by org.testng.reporters.JUnitXMLReporter -->
<testsuite ignored="0" hostname="nada-elsamahy" failures="0" tests="3" name="Regrission Test" time="7.628" errors="0" timestamp="2021-05-30T01:24:20 EET">
  <testcase classname="test.UserRegisterationTest" name="UserCanRegisterSuccssfully" time="1.866"/>
  <testcase classname="test.UserRegisterationTest" name="UserCanLogOutSuccssfully" time="3.369"/>
  <testcase classname="test.UserRegisterationTest" name="RegisteredUserCanLogin" time="2.301"/>
</testsuite> <!-- Regrission Test -->
